  BattleshipApplication.cpp
C:\Users\15147\Desktop\git\Stan-Robotix-Source\Activités\2020\WindowsApplication\Application\BattleshipApp\BattleshipApplication.cpp(19,21): warning C4267: 'argument' : conversion de 'size_t' en 'int', perte possible de données
  ConnectFourApplication.cpp
C:\Users\15147\Desktop\git\Stan-Robotix-Source\Activités\2020\WindowsApplication\Application\Connect4App\ConnectFourApplication.cpp(19,21): warning C4267: 'argument' : conversion de 'size_t' en 'int', perte possible de données
  DemoAppBall.cpp
  DemoApplication.cpp
C:\Users\15147\Desktop\git\Stan-Robotix-Source\Activités\2020\WindowsApplication\Application\DemoApp\DemoApplication.cpp(8,12): warning C4244: 'argument' : conversion de 'time_t' en 'unsigned int', perte possible de données
  DessinApplication.cpp
C:\Users\15147\Desktop\git\Stan-Robotix-Source\Activités\2020\WindowsApplication\Application\DessinApp\DessinApplication.cpp(19,18): warning C4834: abandon de la valeur de retour de la fonction ayant l'attribut 'nodiscard'
C:\Users\15147\Desktop\git\Stan-Robotix-Source\Activités\2020\WindowsApplication\Application\DessinApp\DessinApplication.cpp(31,21): warning C4267: 'argument' : conversion de 'size_t' en 'int', perte possible de données
C:\Users\15147\Desktop\git\Stan-Robotix-Source\Activités\2020\WindowsApplication\Application\DessinApp\DessinApplication.cpp(38,22): warning C4267: 'argument' : conversion de 'size_t' en 'int', perte possible de données
  PacmanApplication.cpp
C:\Users\15147\Desktop\git\Stan-Robotix-Source\Activités\2020\WindowsApplication\Application\PacmanApp\PacmanApplication.cpp(19,21): warning C4267: 'argument' : conversion de 'size_t' en 'int', perte possible de données
  CollisionEngine.cpp
C:\Users\15147\Desktop\git\Stan-Robotix-Source\Activités\2020\WindowsApplication\Application\PingpongApp\CollisionEngine.cpp(92,29): warning C4267: 'argument' : conversion de 'size_t' en 'int', perte possible de données
  PingPongApplication.cpp
C:\Users\15147\Desktop\git\Stan-Robotix-Source\Activités\2020\WindowsApplication\Application\PingpongApp\PingPongApplication.cpp(26,21): warning C4267: 'argument' : conversion de 'size_t' en 'int', perte possible de données
  PingPongBall.cpp
C:\Users\15147\Desktop\git\Stan-Robotix-Source\Activités\2020\WindowsApplication\Application\PingpongApp\PingPongBall.cpp(25,12): warning C4244: 'return' : conversion de 'double' en 'int', perte possible de données
C:\Users\15147\Desktop\git\Stan-Robotix-Source\Activités\2020\WindowsApplication\Application\PingpongApp\PingPongBall.cpp(30,12): warning C4244: 'return' : conversion de 'double' en 'int', perte possible de données
C:\Users\15147\Desktop\git\Stan-Robotix-Source\Activités\2020\WindowsApplication\Application\PingpongApp\PingPongBall.cpp(35,12): warning C4244: 'return' : conversion de 'double' en 'int', perte possible de données
  PingPongPad.cpp
C:\Users\15147\Desktop\git\Stan-Robotix-Source\Activités\2020\WindowsApplication\Application\PingpongApp\PingPongPad.cpp(70,25): warning C4244: '=' : conversion de 'double' en 'LONG', perte possible de données
C:\Users\15147\Desktop\git\Stan-Robotix-Source\Activités\2020\WindowsApplication\Application\PingpongApp\PingPongPad.cpp(71,24): warning C4244: '=' : conversion de 'double' en 'LONG', perte possible de données
C:\Users\15147\Desktop\git\Stan-Robotix-Source\Activités\2020\WindowsApplication\Application\PingpongApp\PingPongPad.cpp(72,26): warning C4244: '=' : conversion de 'double' en 'LONG', perte possible de données
C:\Users\15147\Desktop\git\Stan-Robotix-Source\Activités\2020\WindowsApplication\Application\PingpongApp\PingPongPad.cpp(73,27): warning C4244: '=' : conversion de 'double' en 'LONG', perte possible de données
C:\Users\15147\Desktop\git\Stan-Robotix-Source\Activités\2020\WindowsApplication\Application\PingpongApp\PingPongPad.cpp(85,33): warning C4244: '=' : conversion de 'double' en 'int', perte possible de données
C:\Users\15147\Desktop\git\Stan-Robotix-Source\Activités\2020\WindowsApplication\Application\PingpongApp\PingPongPad.cpp(86,36): warning C4244: '=' : conversion de 'double' en 'int', perte possible de données
  SnakeApplication.cpp
C:\Users\15147\Desktop\git\Stan-Robotix-Source\Activités\2020\WindowsApplication\Application\SnakeApp\SnakeApplication.cpp(19,21): warning C4267: 'argument' : conversion de 'size_t' en 'int', perte possible de données
  WindowsFrame.cpp
  WindowsApp.cpp
  Génération de code en cours...
  WindowsApp.vcxproj -> C:\Users\15147\Desktop\git\Stan-Robotix-Source\Activités\2020\WindowsApplication\x64\Debug\WindowsApp.exe
